./constants.py:1:1: D100 Missing docstring in public module
./constants.py:5:1: D101 Missing docstring in public class
./constants.py:7:1: D102 Missing docstring in public method
./constants.py:15:1: D101 Missing docstring in public class
./constants.py:20:1: D101 Missing docstring in public class
./constants.py:26:1: D101 Missing docstring in public class
./constants.py:35:1: D101 Missing docstring in public class
./constants.py:51:1: D101 Missing docstring in public class
./constants.py:57:1: D101 Missing docstring in public class
./constants.py:73:1: D101 Missing docstring in public class
./constants.py:96:1: D101 Missing docstring in public class
./entities.py:1:1: D100 Missing docstring in public module
./entities.py:14:1: D101 Missing docstring in public class
./entities.py:24:1: D101 Missing docstring in public class
./entities.py:50:1: D101 Missing docstring in public class
./entities.py:58:1: D101 Missing docstring in public class
./entities.py:84:1: D101 Missing docstring in public class
./entities.py:120:1: D101 Missing docstring in public class
./entities.py:134:1: D101 Missing docstring in public class
./entities.py:176:1: D101 Missing docstring in public class
./manage.py:7:1: D103 Missing docstring in public function
./prepare.py:2:1: D205 1 blank line required between summary line and description
./prepare.py:2:1: D209 Multi-line docstring closing quotes should be on a separate line
./prepare.py:2:1: D400 First line should end with a period
./prepare.py:30:1: D103 Missing docstring in public function
./prepare.py:42:1: D103 Missing docstring in public function
./billing\admin.py:1:1: D100 Missing docstring in public module
./billing\apps.py:1:1: D100 Missing docstring in public module
./billing\apps.py:4:1: D101 Missing docstring in public class
./billing\models.py:1:1: D100 Missing docstring in public module
./billing\tests.py:1:1: D100 Missing docstring in public module
./billing\views.py:1:1: D100 Missing docstring in public module
./billing\__init__.py:1:1: D104 Missing docstring in public package
./billing\migrations\__init__.py:1:1: D104 Missing docstring in public package
./bot\admin.py:1:1: D100 Missing docstring in public module
./bot\admin.py:7:1: D101 Missing docstring in public class
./bot\admin.py:14:1: D101 Missing docstring in public class
./bot\admin.py:29:1: D101 Missing docstring in public class
./bot\admin.py:37:1: D101 Missing docstring in public class
./bot\apps.py:1:1: D100 Missing docstring in public module
./bot\apps.py:4:1: D101 Missing docstring in public class
./bot\handlers.py:1:1: D100 Missing docstring in public module
./bot\handlers.py:5:1: D400 First line should end with a period
./bot\models.py:1:1: D100 Missing docstring in public module
./bot\models.py:7:1: D101 Missing docstring in public class
./bot\models.py:11:1: D106 Missing docstring in public nested class
./bot\models.py:15:1: D101 Missing docstring in public class
./bot\models.py:19:1: D105 Missing docstring in magic method
./bot\models.py:22:1: D106 Missing docstring in public nested class
./bot\models.py:29:1: D101 Missing docstring in public class
./bot\models.py:40:1: D105 Missing docstring in magic method
./bot\models.py:43:1: D106 Missing docstring in public nested class
./bot\models.py:51:1: D101 Missing docstring in public class
./bot\models.py:71:1: D105 Missing docstring in magic method
./bot\models.py:74:1: D106 Missing docstring in public nested class
./bot\models.py:85:1: D101 Missing docstring in public class
./bot\models.py:122:1: D102 Missing docstring in public method
./bot\models.py:125:1: D105 Missing docstring in magic method
./bot\models.py:128:1: D106 Missing docstring in public nested class
./bot\tests.py:1:1: D100 Missing docstring in public module
./bot\views.py:1:1: D100 Missing docstring in public module
./bot\views.py:9:1: D103 Missing docstring in public function
./bot\views.py:16:1: D103 Missing docstring in public function
./bot\__init__.py:1:1: D104 Missing docstring in public package
./bot\migrations\0001_initial.py:1:1: D100 Missing docstring in public module
./bot\migrations\0001_initial.py:7:1: D101 Missing docstring in public class
./bot\migrations\0002_auto_20201108_1003.py:1:1: D100 Missing docstring in public module
./bot\migrations\0002_auto_20201108_1003.py:6:1: D101 Missing docstring in public class
./bot\migrations\__init__.py:1:1: D104 Missing docstring in public package
./clients\jivosite.py:1:1: D100 Missing docstring in public module
./clients\jivosite.py:5:1: D400 First line should end with a period
./clients\jivosite.py:8:1: D400 First line should end with a period
./clients\ok.py:1:1: D100 Missing docstring in public module
./clients\ok.py:5:1: D400 First line should end with a period
./clients\ok.py:8:1: D400 First line should end with a period
./ecom_chatbot\urls.py:1:1: D400 First line should end with a period
./ecom_chatbot\__init__.py:1:1: D104 Missing docstring in public package
./shop\admin.py:1:1: D100 Missing docstring in public module
./shop\apps.py:1:1: D100 Missing docstring in public module
./shop\apps.py:4:1: D101 Missing docstring in public class
./shop\models.py:1:1: D100 Missing docstring in public module
./shop\models.py:8:1: D101 Missing docstring in public class
./shop\models.py:23:1: D105 Missing docstring in magic method
./shop\models.py:30:1: D106 Missing docstring in public nested class
./shop\models.py:37:1: D101 Missing docstring in public class
./shop\models.py:51:1: D105 Missing docstring in magic method
./shop\models.py:54:1: D106 Missing docstring in public nested class
./shop\models.py:61:1: D101 Missing docstring in public class
./shop\models.py:78:1: D106 Missing docstring in public nested class
./shop\tests.py:1:1: D100 Missing docstring in public module
./shop\views.py:1:1: D100 Missing docstring in public module
./shop\__init__.py:1:1: D104 Missing docstring in public package
./shop\migrations\0001_initial.py:1:1: D100 Missing docstring in public module
./shop\migrations\0001_initial.py:10:1: D101 Missing docstring in public class
./shop\migrations\0001_initial.py:768:6: W292 no newline at end of file
./shop\migrations\0002_delete_shop.py:1:1: D100 Missing docstring in public module
./shop\migrations\0002_delete_shop.py:6:1: D101 Missing docstring in public class
./shop\migrations\__init__.py:1:1: D104 Missing docstring in public package
./constants.py:1:1: D100 Missing docstring in public module
./constants.py:5:1: D101 Missing docstring in public class
./constants.py:7:1: D102 Missing docstring in public method
./constants.py:15:1: D101 Missing docstring in public class
./constants.py:20:1: D101 Missing docstring in public class
./constants.py:26:1: D101 Missing docstring in public class
./constants.py:35:1: D101 Missing docstring in public class
./constants.py:51:1: D101 Missing docstring in public class
./constants.py:57:1: D101 Missing docstring in public class
./constants.py:73:1: D101 Missing docstring in public class
./constants.py:96:1: D101 Missing docstring in public class
./entities.py:1:1: D100 Missing docstring in public module
./entities.py:14:1: D101 Missing docstring in public class
./entities.py:24:1: D101 Missing docstring in public class
./entities.py:50:1: D101 Missing docstring in public class
./entities.py:58:1: D101 Missing docstring in public class
./entities.py:84:1: D101 Missing docstring in public class
./entities.py:120:1: D101 Missing docstring in public class
./entities.py:134:1: D101 Missing docstring in public class
./entities.py:176:1: D101 Missing docstring in public class
./manage.py:7:1: D103 Missing docstring in public function
./prepare.py:2:1: D205 1 blank line required between summary line and description
./prepare.py:2:1: D209 Multi-line docstring closing quotes should be on a separate line
./prepare.py:2:1: D400 First line should end with a period
./prepare.py:30:1: D103 Missing docstring in public function
./prepare.py:42:1: D103 Missing docstring in public function
./billing\admin.py:1:1: D100 Missing docstring in public module
./billing\apps.py:1:1: D100 Missing docstring in public module
./billing\apps.py:4:1: D101 Missing docstring in public class
./billing\models.py:1:1: D100 Missing docstring in public module
./billing\tests.py:1:1: D100 Missing docstring in public module
./billing\views.py:1:1: D100 Missing docstring in public module
./billing\__init__.py:1:1: D104 Missing docstring in public package
./billing\migrations\__init__.py:1:1: D104 Missing docstring in public package
./bot\admin.py:1:1: D100 Missing docstring in public module
./bot\admin.py:7:1: D101 Missing docstring in public class
./bot\admin.py:14:1: D101 Missing docstring in public class
./bot\admin.py:29:1: D101 Missing docstring in public class
./bot\admin.py:37:1: D101 Missing docstring in public class
./bot\apps.py:1:1: D100 Missing docstring in public module
./bot\apps.py:4:1: D101 Missing docstring in public class
./bot\handlers.py:1:1: D100 Missing docstring in public module
./bot\handlers.py:5:1: D400 First line should end with a period
./bot\models.py:1:1: D100 Missing docstring in public module
./bot\models.py:7:1: D101 Missing docstring in public class
./bot\models.py:11:1: D106 Missing docstring in public nested class
./bot\models.py:15:1: D101 Missing docstring in public class
./bot\models.py:19:1: D105 Missing docstring in magic method
./bot\models.py:22:1: D106 Missing docstring in public nested class
./bot\models.py:29:1: D101 Missing docstring in public class
./bot\models.py:40:1: D105 Missing docstring in magic method
./bot\models.py:43:1: D106 Missing docstring in public nested class
./bot\models.py:51:1: D101 Missing docstring in public class
./bot\models.py:71:1: D105 Missing docstring in magic method
./bot\models.py:74:1: D106 Missing docstring in public nested class
./bot\models.py:85:1: D101 Missing docstring in public class
./bot\models.py:122:1: D102 Missing docstring in public method
./bot\models.py:125:1: D105 Missing docstring in magic method
./bot\models.py:128:1: D106 Missing docstring in public nested class
./bot\tests.py:1:1: D100 Missing docstring in public module
./bot\views.py:1:1: D100 Missing docstring in public module
./bot\views.py:9:1: D103 Missing docstring in public function
./bot\views.py:16:1: D103 Missing docstring in public function
./bot\__init__.py:1:1: D104 Missing docstring in public package
./bot\migrations\0001_initial.py:1:1: D100 Missing docstring in public module
./bot\migrations\0001_initial.py:7:1: D101 Missing docstring in public class
./bot\migrations\0002_auto_20201108_1003.py:1:1: D100 Missing docstring in public module
./bot\migrations\0002_auto_20201108_1003.py:6:1: D101 Missing docstring in public class
./bot\migrations\__init__.py:1:1: D104 Missing docstring in public package
./clients\jivosite.py:1:1: D100 Missing docstring in public module
./clients\jivosite.py:5:1: D400 First line should end with a period
./clients\jivosite.py:8:1: D400 First line should end with a period
./clients\ok.py:1:1: D100 Missing docstring in public module
./clients\ok.py:5:1: D400 First line should end with a period
./clients\ok.py:8:1: D400 First line should end with a period
./ecom_chatbot\urls.py:1:1: D400 First line should end with a period
./ecom_chatbot\__init__.py:1:1: D104 Missing docstring in public package
./shop\admin.py:1:1: D100 Missing docstring in public module
./shop\apps.py:1:1: D100 Missing docstring in public module
./shop\apps.py:4:1: D101 Missing docstring in public class
./shop\models.py:1:1: D100 Missing docstring in public module
./shop\models.py:8:1: D101 Missing docstring in public class
./shop\models.py:23:1: D105 Missing docstring in magic method
./shop\models.py:30:1: D106 Missing docstring in public nested class
./shop\models.py:37:1: D101 Missing docstring in public class
./shop\models.py:51:1: D105 Missing docstring in magic method
./shop\models.py:54:1: D106 Missing docstring in public nested class
./shop\models.py:61:1: D101 Missing docstring in public class
./shop\models.py:78:1: D106 Missing docstring in public nested class
./shop\tests.py:1:1: D100 Missing docstring in public module
./shop\views.py:1:1: D100 Missing docstring in public module
./shop\__init__.py:1:1: D104 Missing docstring in public package
./shop\migrations\0001_initial.py:1:1: D100 Missing docstring in public module
./shop\migrations\0001_initial.py:10:1: D101 Missing docstring in public class
./shop\migrations\0001_initial.py:768:6: W292 no newline at end of file
./shop\migrations\0002_delete_shop.py:1:1: D100 Missing docstring in public module
./shop\migrations\0002_delete_shop.py:6:1: D101 Missing docstring in public class
./shop\migrations\__init__.py:1:1: D104 Missing docstring in public package
